<?xml version="1.0" encoding="UTF-8"?>
<testng-results ignored="0" total="2" passed="2" failed="0" skipped="0">
  <reporter-output>
  </reporter-output>
  <suite started-at="2024-03-02T18:34:53 IST" name="Default suite" finished-at="2024-03-02T18:36:28 IST" duration-ms="95735">
    <groups>
    </groups>
    <test started-at="2024-03-02T18:34:53 IST" name="Default test" finished-at="2024-03-02T18:36:28 IST" duration-ms="95735">
      <class name="Scripts.ValidateContactUsFunctionality">
        <test-method is-config="true" signature="init(org.testng.ITestContext)[pri:0, instance:Scripts.ValidateContactUsFunctionality@33065d67]" started-at="2024-03-02T18:34:52 IST" name="init" finished-at="2024-03-02T18:34:53 IST" duration-ms="366" status="PASS">
          <params>
            <param index="0">
              <value>
                <![CDATA[org.testng.TestRunner@19827608]]>
              </value>
            </param>
          </params>
          <reporter-output>
          </reporter-output>
        </test-method> <!-- init -->
        <test-method is-config="true" signature="method()[pri:0, instance:Scripts.ValidateContactUsFunctionality@33065d67]" started-at="2024-03-02T18:34:53 IST" name="method" finished-at="2024-03-02T18:35:18 IST" duration-ms="24859" status="PASS">
          <reporter-output>
          </reporter-output>
        </test-method> <!-- method -->
        <test-method signature="validatelogin()[pri:1, instance:Scripts.ValidateContactUsFunctionality@33065d67]" started-at="2024-03-02T18:35:18 IST" name="validatelogin" finished-at="2024-03-02T18:35:33 IST" duration-ms="15358" status="PASS">
          <reporter-output>
          </reporter-output>
        </test-method> <!-- validatelogin -->
        <test-method signature="validatecontactus(java.util.Map)[pri:2, instance:Scripts.ValidateContactUsFunctionality@33065d67]" started-at="2024-03-02T18:35:34 IST" name="validatecontactus" data-provider="ContactUs" finished-at="2024-03-02T18:36:28 IST" duration-ms="53829" status="PASS">
          <params>
            <param index="0">
              <value>
                <![CDATA[{menuOption=Contact Us, contactUsText=Contact Us, PhoneNumber=Phone number: Your Phone Number, Email=Email: Your Email Address, EmailText=We aim to respond within 24 hours. Feel free to reach out to us with any inquiries, and we'll get back to you as soon as possible., ChatUS=Chat Us: Start Chat}]]>
              </value>
            </param>
          </params>
          <reporter-output>
          </reporter-output>
        </test-method> <!-- validatecontactus -->
        <test-method is-config="true" signature="cleanup()[pri:0, instance:Scripts.ValidateContactUsFunctionality@33065d67]" started-at="2024-03-02T18:36:28 IST" name="cleanup" finished-at="2024-03-02T18:36:28 IST" duration-ms="485" status="PASS">
          <reporter-output>
          </reporter-output>
        </test-method> <!-- cleanup -->
      </class> <!-- Scripts.ValidateContactUsFunctionality -->
    </test> <!-- Default test -->
  </suite> <!-- Default suite -->
</testng-results>
