<?xml version="1.0" encoding="UTF-8"?>
<testng-results ignored="0" total="2" passed="0" failed="0" skipped="2">
  <reporter-output>
  </reporter-output>
  <suite started-at="2024-03-02T17:40:03 IST" name="Default suite" finished-at="2024-03-02T17:40:04 IST" duration-ms="740">
    <groups>
    </groups>
    <test started-at="2024-03-02T17:40:03 IST" name="Default test" finished-at="2024-03-02T17:40:04 IST" duration-ms="740">
      <class name="Scripts.ValidateAboutFunctionality">
        <test-method is-config="true" signature="init(org.testng.ITestContext)[pri:0, instance:Scripts.ValidateAboutFunctionality@cb0755b]" started-at="2024-03-02T17:40:03 IST" name="init" finished-at="2024-03-02T17:40:03 IST" duration-ms="383" status="PASS">
          <params>
            <param index="0">
              <value>
                <![CDATA[org.testng.TestRunner@c20be82]]>
              </value>
            </param>
          </params>
          <reporter-output>
          </reporter-output>
        </test-method> <!-- init -->
        <test-method is-config="true" signature="method()[pri:0, instance:Scripts.ValidateAboutFunctionality@cb0755b]" started-at="2024-03-02T17:40:03 IST" name="method" finished-at="2024-03-02T17:40:03 IST" duration-ms="2" status="FAIL">
          <exception class="java.lang.Error">
            <message>
              <![CDATA[Unresolved compilation problems: 
Syntax error on tokens, delete these tokens
Syntax error on tokens, delete these tokens
Duplicate local variable path
Syntax error on tokens, delete these tokens
]]>
            </message>
            <full-stacktrace>
              <![CDATA[java.lang.Error: Unresolved compilation problems: 
Syntax error on tokens, delete these tokens
Syntax error on tokens, delete these tokens
Duplicate local variable path
Syntax error on tokens, delete these tokens

at Utilities.TestBase.launchURL(TestBase.java:59)
at Scripts.ValidateAboutFunctionality.method(ValidateAboutFunctionality.java:23)
at java.base/jdk.internal.reflect.NativeMethodAccessorImpl.invoke0(Native Method)
at java.base/jdk.internal.reflect.NativeMethodAccessorImpl.invoke(NativeMethodAccessorImpl.java:77)
at java.base/jdk.internal.reflect.DelegatingMethodAccessorImpl.invoke(DelegatingMethodAccessorImpl.java:43)
at java.base/java.lang.reflect.Method.invoke(Method.java:568)
at org.testng.internal.invokers.MethodInvocationHelper.invokeMethod(MethodInvocationHelper.java:139)
at org.testng.internal.invokers.MethodInvocationHelper.invokeMethodConsideringTimeout(MethodInvocationHelper.java:69)
at org.testng.internal.invokers.ConfigInvoker.invokeConfigurationMethod(ConfigInvoker.java:361)
at org.testng.internal.invokers.ConfigInvoker.invokeConfigurations(ConfigInvoker.java:296)
at org.testng.internal.invokers.TestMethodWorker.invokeBeforeClassMethods(TestMethodWorker.java:180)
at org.testng.internal.invokers.TestMethodWorker.run(TestMethodWorker.java:122)
at java.base/java.util.ArrayList.forEach(ArrayList.java:1511)
at org.testng.TestRunner.privateRun(TestRunner.java:829)
at org.testng.TestRunner.run(TestRunner.java:602)
at org.testng.SuiteRunner.runTest(SuiteRunner.java:437)
at org.testng.SuiteRunner.runSequentially(SuiteRunner.java:431)
at org.testng.SuiteRunner.privateRun(SuiteRunner.java:391)
at org.testng.SuiteRunner.run(SuiteRunner.java:330)
at org.testng.SuiteRunnerWorker.runSuite(SuiteRunnerWorker.java:52)
at org.testng.SuiteRunnerWorker.run(SuiteRunnerWorker.java:95)
at org.testng.TestNG.runSuitesSequentially(TestNG.java:1256)
at org.testng.TestNG.runSuitesLocally(TestNG.java:1176)
at org.testng.TestNG.runSuites(TestNG.java:1099)
at org.testng.TestNG.run(TestNG.java:1067)
at org.testng.remote.AbstractRemoteTestNG.run(AbstractRemoteTestNG.java:115)
at org.testng.remote.RemoteTestNG.initAndRun(RemoteTestNG.java:251)
at org.testng.remote.RemoteTestNG.main(RemoteTestNG.java:77)
]]>
            </full-stacktrace>
          </exception> <!-- java.lang.Error -->
          <reporter-output>
          </reporter-output>
        </test-method> <!-- method -->
        <test-method signature="validatelogin()[pri:1, instance:Scripts.ValidateAboutFunctionality@cb0755b]" started-at="2024-03-02T17:40:03 IST" name="validatelogin" finished-at="2024-03-02T17:40:03 IST" duration-ms="0" status="SKIP">
          <exception class="java.lang.Error">
            <message>
              <![CDATA[Unresolved compilation problems: 
Syntax error on tokens, delete these tokens
Syntax error on tokens, delete these tokens
Duplicate local variable path
Syntax error on tokens, delete these tokens
]]>
            </message>
            <full-stacktrace>
              <![CDATA[java.lang.Error: Unresolved compilation problems: 
Syntax error on tokens, delete these tokens
Syntax error on tokens, delete these tokens
Duplicate local variable path
Syntax error on tokens, delete these tokens

at Utilities.TestBase.launchURL(TestBase.java:59)
at Scripts.ValidateAboutFunctionality.method(ValidateAboutFunctionality.java:23)
at java.base/jdk.internal.reflect.NativeMethodAccessorImpl.invoke0(Native Method)
at java.base/jdk.internal.reflect.NativeMethodAccessorImpl.invoke(NativeMethodAccessorImpl.java:77)
at java.base/jdk.internal.reflect.DelegatingMethodAccessorImpl.invoke(DelegatingMethodAccessorImpl.java:43)
at java.base/java.lang.reflect.Method.invoke(Method.java:568)
at org.testng.internal.invokers.MethodInvocationHelper.invokeMethod(MethodInvocationHelper.java:139)
at org.testng.internal.invokers.MethodInvocationHelper.invokeMethodConsideringTimeout(MethodInvocationHelper.java:69)
at org.testng.internal.invokers.ConfigInvoker.invokeConfigurationMethod(ConfigInvoker.java:361)
at org.testng.internal.invokers.ConfigInvoker.invokeConfigurations(ConfigInvoker.java:296)
at org.testng.internal.invokers.TestMethodWorker.invokeBeforeClassMethods(TestMethodWorker.java:180)
at org.testng.internal.invokers.TestMethodWorker.run(TestMethodWorker.java:122)
at java.base/java.util.ArrayList.forEach(ArrayList.java:1511)
at org.testng.TestRunner.privateRun(TestRunner.java:829)
at org.testng.TestRunner.run(TestRunner.java:602)
at org.testng.SuiteRunner.runTest(SuiteRunner.java:437)
at org.testng.SuiteRunner.runSequentially(SuiteRunner.java:431)
at org.testng.SuiteRunner.privateRun(SuiteRunner.java:391)
at org.testng.SuiteRunner.run(SuiteRunner.java:330)
at org.testng.SuiteRunnerWorker.runSuite(SuiteRunnerWorker.java:52)
at org.testng.SuiteRunnerWorker.run(SuiteRunnerWorker.java:95)
at org.testng.TestNG.runSuitesSequentially(TestNG.java:1256)
at org.testng.TestNG.runSuitesLocally(TestNG.java:1176)
at org.testng.TestNG.runSuites(TestNG.java:1099)
at org.testng.TestNG.run(TestNG.java:1067)
at org.testng.remote.AbstractRemoteTestNG.run(AbstractRemoteTestNG.java:115)
at org.testng.remote.RemoteTestNG.initAndRun(RemoteTestNG.java:251)
at org.testng.remote.RemoteTestNG.main(RemoteTestNG.java:77)
]]>
            </full-stacktrace>
          </exception> <!-- java.lang.Error -->
          <reporter-output>
          </reporter-output>
        </test-method> <!-- validatelogin -->
        <test-method signature="validateAbout(java.util.Map)[pri:2, instance:Scripts.ValidateAboutFunctionality@cb0755b]" started-at="2024-03-02T17:40:04 IST" name="validateAbout" data-provider="about" finished-at="2024-03-02T17:40:04 IST" duration-ms="0" status="SKIP">
          <params>
            <param index="0">
              <value>
                <![CDATA[{menuOption=About, AboutPage=About Grower Portal, empoweringGrowers=Empowering Growers Through Precision Agriculture,  empoweringGrowersMatter=At Grower Portal, we are committed to revolutionizing the agricultural landscape by integrating cutting-edge technology into everyday farming practices. Our platform is designed to provide farmers with real-time water sensor data, enabling precise irrigation management that conserves resources and enhances crop yields., InnovativeWater=Innovative Water Sensing Technology, InnovativeWaterDescription=Our advanced water sensors are the heart of Grower Portal. They provide vital data on soil moisture levels, ensuring that crops receive the right amount of water at the right time. This not only leads to better crop health and increased production but also significantly reduces water waste., Geolocation=Geolocation and CLU Data Integration, GeolocationDescription=Grower Portal takes precision a step further by extracting geolocation data from captured images. This information is matched with Common Land Unit (CLU) data to give farmers insight into the soil levels and conditions of their fields. With this knowledge, they can tailor their cultivation strategies to the unique needs of their land., OurVision=Our Vision, OurVisionDescription=Our vision is to create a sustainable future where technology and traditional farming techniques merge seamlessly. We strive to provide tools that support growers in making informed decisions that benefit their crops, their community, and the planet., JoinUs=Join Us, JoinUsDescription=Join the growing number of farmers who are leveraging Grower Portal to bring about a new era in agriculture. Sign up today to start optimizing your water usage, understanding your soil better, and taking your farming operations to the next level.}]]>
              </value>
            </param>
          </params>
          <exception class="java.lang.Error">
            <message>
              <![CDATA[Unresolved compilation problems: 
Syntax error on tokens, delete these tokens
Syntax error on tokens, delete these tokens
Duplicate local variable path
Syntax error on tokens, delete these tokens
]]>
            </message>
            <full-stacktrace>
              <![CDATA[java.lang.Error: Unresolved compilation problems: 
Syntax error on tokens, delete these tokens
Syntax error on tokens, delete these tokens
Duplicate local variable path
Syntax error on tokens, delete these tokens

at Utilities.TestBase.launchURL(TestBase.java:59)
at Scripts.ValidateAboutFunctionality.method(ValidateAboutFunctionality.java:23)
at java.base/jdk.internal.reflect.NativeMethodAccessorImpl.invoke0(Native Method)
at java.base/jdk.internal.reflect.NativeMethodAccessorImpl.invoke(NativeMethodAccessorImpl.java:77)
at java.base/jdk.internal.reflect.DelegatingMethodAccessorImpl.invoke(DelegatingMethodAccessorImpl.java:43)
at java.base/java.lang.reflect.Method.invoke(Method.java:568)
at org.testng.internal.invokers.MethodInvocationHelper.invokeMethod(MethodInvocationHelper.java:139)
at org.testng.internal.invokers.MethodInvocationHelper.invokeMethodConsideringTimeout(MethodInvocationHelper.java:69)
at org.testng.internal.invokers.ConfigInvoker.invokeConfigurationMethod(ConfigInvoker.java:361)
at org.testng.internal.invokers.ConfigInvoker.invokeConfigurations(ConfigInvoker.java:296)
at org.testng.internal.invokers.TestMethodWorker.invokeBeforeClassMethods(TestMethodWorker.java:180)
at org.testng.internal.invokers.TestMethodWorker.run(TestMethodWorker.java:122)
at java.base/java.util.ArrayList.forEach(ArrayList.java:1511)
at org.testng.TestRunner.privateRun(TestRunner.java:829)
at org.testng.TestRunner.run(TestRunner.java:602)
at org.testng.SuiteRunner.runTest(SuiteRunner.java:437)
at org.testng.SuiteRunner.runSequentially(SuiteRunner.java:431)
at org.testng.SuiteRunner.privateRun(SuiteRunner.java:391)
at org.testng.SuiteRunner.run(SuiteRunner.java:330)
at org.testng.SuiteRunnerWorker.runSuite(SuiteRunnerWorker.java:52)
at org.testng.SuiteRunnerWorker.run(SuiteRunnerWorker.java:95)
at org.testng.TestNG.runSuitesSequentially(TestNG.java:1256)
at org.testng.TestNG.runSuitesLocally(TestNG.java:1176)
at org.testng.TestNG.runSuites(TestNG.java:1099)
at org.testng.TestNG.run(TestNG.java:1067)
at org.testng.remote.AbstractRemoteTestNG.run(AbstractRemoteTestNG.java:115)
at org.testng.remote.RemoteTestNG.initAndRun(RemoteTestNG.java:251)
at org.testng.remote.RemoteTestNG.main(RemoteTestNG.java:77)
]]>
            </full-stacktrace>
          </exception> <!-- java.lang.Error -->
          <reporter-output>
          </reporter-output>
        </test-method> <!-- validateAbout -->
        <test-method is-config="true" signature="cleanup()[pri:0, instance:Scripts.ValidateAboutFunctionality@cb0755b]" started-at="2024-03-02T17:40:04 IST" name="cleanup" finished-at="2024-03-02T17:40:04 IST" duration-ms="0" status="SKIP">
          <reporter-output>
          </reporter-output>
        </test-method> <!-- cleanup -->
      </class> <!-- Scripts.ValidateAboutFunctionality -->
    </test> <!-- Default test -->
  </suite> <!-- Default suite -->
</testng-results>
